TN:
SF:src\gildedRose.js
FN:2,(anonymous_0)
FN:10,(anonymous_1)
FN:13,(anonymous_2)
FNF:3
FNH:3
FNDA:1,(anonymous_0)
FNDA:1,(anonymous_1)
FNDA:1,(anonymous_2)
DA:3,1
DA:4,1
DA:5,1
DA:11,1
DA:14,1
DA:15,1
DA:16,1
DA:17,0
DA:18,0
DA:22,0
DA:23,0
DA:24,0
DA:25,0
DA:26,0
DA:27,0
DA:30,0
DA:31,0
DA:32,0
DA:38,1
DA:39,1
DA:41,1
DA:42,1
DA:43,1
DA:44,1
DA:45,0
DA:46,0
DA:50,0
DA:53,0
DA:54,0
DA:60,1
DA:64,1
LF:31
LH:15
BRDA:10,0,0,0
BRDA:15,1,0,1
BRDA:15,1,1,0
BRDA:15,2,0,1
BRDA:15,2,1,1
BRDA:16,3,0,0
BRDA:16,3,1,1
BRDA:17,4,0,0
BRDA:17,4,1,0
BRDA:22,5,0,0
BRDA:22,5,1,0
BRDA:24,6,0,0
BRDA:24,6,1,0
BRDA:25,7,0,0
BRDA:25,7,1,0
BRDA:26,8,0,0
BRDA:26,8,1,0
BRDA:30,9,0,0
BRDA:30,9,1,0
BRDA:31,10,0,0
BRDA:31,10,1,0
BRDA:38,11,0,1
BRDA:38,11,1,0
BRDA:41,12,0,1
BRDA:41,12,1,0
BRDA:42,13,0,1
BRDA:42,13,1,0
BRDA:43,14,0,1
BRDA:43,14,1,0
BRDA:44,15,0,0
BRDA:44,15,1,1
BRDA:45,16,0,0
BRDA:45,16,1,0
BRDA:53,17,0,0
BRDA:53,17,1,0
BRF:35
BRH:9
end_of_record
